<?xml version="1.0" encoding="UTF-8" ?>
<testsuite tests="4" failures="1" name="TestSuite" time="41.262" errors="0" skipped="1">
  <properties>
[...]
</properties>
  <testcase classname="tests.RedBushomePageTest" name="bookTicketForRedBus" time="12.79"/>
  <testcase classname="tests.RedBushomePageTest" name="checkLogoOfRedBusHomePage" time="0.001">
    <skipped/>
    <system-out>[INFO ] 2020-08-08 11:07:36.778  [main] initClass - Launching Redbus home page url
</system-out>
  </testcase>
  <testcase classname="tests.RedBushomePageTest" name="checkTitleOfRedBusHomePage" time="0.544">
    <failure message="expected [Boo Bus Travels, AC Volvo Bus, rPool &amp; Bus Hire - redBus India] but found [Book Bus Travels, AC Volvo Bus, rPool &amp; Bus Hire - redBus India]" type="java.lang.AssertionError">java.lang.AssertionError: expected [Boo Bus Travels, AC Volvo Bus, rPool &amp; Bus Hire - redBus India] but found [Book Bus Travels, AC Volvo Bus, rPool &amp; Bus Hire - redBus India]
	at org.testng.Assert.fail(Assert.java:96)
	at org.testng.Assert.failNotEquals(Assert.java:776)
	at org.testng.Assert.assertEqualsImpl(Assert.java:137)
	at org.testng.Assert.assertEquals(Assert.java:118)
	at org.testng.Assert.assertEquals(Assert.java:453)
	at org.testng.Assert.assertEquals(Assert.java:463)
	at tests.RedBushomePageTest.checkTitleOfRedBusHomePage(RedBushomePageTest.java:43)
</failure>
    <system-out>[INFO ] 2020-08-08 11:07:37.290  [main] initClass - Launching Redbus home page url
[INFO ] 2020-08-08 11:07:37.291  [main] RedBushomePageTest - Running testcase checkTitle
</system-out>
  </testcase>
  <testcase classname="tests.PilTest" name="bookTicketForPilgrimage" time="27.927"/>
</testsuite>