<?xml version="1.0" encoding="UTF-8"?>
<testng-results skipped="0" failed="0" ignored="0" total="1" passed="1">
  <reporter-output>
  </reporter-output>
  <suite name="Suite" duration-ms="10490" started-at="2020-08-16T06:03:18Z" finished-at="2020-08-16T06:03:29Z">
    <groups>
    </groups>
    <test name="Test" duration-ms="10490" started-at="2020-08-16T06:03:18Z" finished-at="2020-08-16T06:03:29Z">
      <class name="tests.BusHireTest">
        <test-method status="PASS" signature="launchDriver()[pri:0, instance:tests.BusHireTest@6572421]" name="launchDriver" is-config="true" duration-ms="6296" started-at="2020-08-16T06:03:18Z" finished-at="2020-08-16T06:03:24Z">
          <reporter-output>
          </reporter-output>
        </test-method> <!-- launchDriver -->
        <test-method status="PASS" signature="launchURL()[pri:0, instance:tests.BusHireTest@6572421]" name="launchURL" is-config="true" duration-ms="2250" started-at="2020-08-16T06:03:24Z" finished-at="2020-08-16T06:03:27Z">
          <reporter-output>
          </reporter-output>
        </test-method> <!-- launchURL -->
        <test-method status="PASS" signature="checkTitle()[pri:0, instance:tests.BusHireTest@6572421]" name="checkTitle" duration-ms="1161" started-at="2020-08-16T06:03:27Z" finished-at="2020-08-16T06:03:28Z">
          <reporter-output>
          </reporter-output>
        </test-method> <!-- checkTitle -->
        <test-method status="PASS" signature="closeDriver()[pri:0, instance:tests.BusHireTest@6572421]" name="closeDriver" is-config="true" duration-ms="757" started-at="2020-08-16T06:03:28Z" finished-at="2020-08-16T06:03:29Z">
          <reporter-output>
          </reporter-output>
        </test-method> <!-- closeDriver -->
      </class> <!-- tests.BusHireTest -->
    </test> <!-- Test -->
  </suite> <!-- Suite -->
</testng-results>
